cc -ggdb3 -DDEBUG -D_XOPEN_SOURCE=600 -Wall -Wextra -std=c11 -DNO_SDL src/variables.c -c -o src/variables.o
src/variables.c: In function 'list_libraries':
src/variables.c:333:26: warning: unused parameter 'ch' [-Wunused-parameter]
 void list_libraries(char ch) {
                          ^
cc -ggdb3 -DDEBUG -D_XOPEN_SOURCE=600 -Wall -Wextra -std=c11 -DNO_SDL src/tokens.c -c -o src/tokens.o
src/tokens.c: In function 'store_fpvalue':
src/tokens.c:474:14: warning: comparison between signed and unsigned integer expressions [-Wsign-compare]
   for (n=0; n<sizeof(float64); n++) {
              ^
src/tokens.c: In function 'copy_token':
src/tokens.c:685:16: warning: comparison between signed and unsigned integer expressions [-Wsign-compare]
     for (n=0; n<TOKTABSIZE; n++) {
                ^
src/tokens.c:690:16: warning: comparison between signed and unsigned integer expressions [-Wsign-compare]
     for (n=0; n<TOKTABSIZE; n++) {
                ^
src/tokens.c:694:8: warning: comparison between signed and unsigned integer expressions [-Wsign-compare]
   if (n<TOKTABSIZE)     /* Found token - Copy it to buffer and do token-specific processing */
        ^
src/tokens.c: In function 'isvalid':
src/tokens.c:1881:14: warning: comparison between signed and unsigned integer expressions [-Wsign-compare]
   if (execoff<OFFSOURCE || execoff>length) return FALSE;
              ^
cc -ggdb3 -DDEBUG -D_XOPEN_SOURCE=600 -Wall -Wextra -std=c11 -DNO_SDL src/strings.c -c -o src/strings.o
cc -ggdb3 -DDEBUG -D_XOPEN_SOURCE=600 -Wall -Wextra -std=c11 -DNO_SDL src/statement.c -c -o src/statement.o
cc -ggdb3 -DDEBUG -D_XOPEN_SOURCE=600 -Wall -Wextra -std=c11 -DNO_SDL src/stack.c -c -o src/stack.o
cc -ggdb3 -DDEBUG -D_XOPEN_SOURCE=600 -Wall -Wextra -std=c11 -DNO_SDL src/miscprocs.c -c -o src/miscprocs.o
cc -ggdb3 -DDEBUG -D_XOPEN_SOURCE=600 -Wall -Wextra -std=c11 -DNO_SDL src/mainstate.c -c -o src/mainstate.o
cc -ggdb3 -DDEBUG -D_XOPEN_SOURCE=600 -Wall -Wextra -std=c11 -DNO_SDL src/lvalue.c -c -o src/lvalue.o
src/lvalue.c: In function 'bad_token':
src/lvalue.c:59:31: warning: unused parameter 'destination' [-Wunused-parameter]
 static void bad_token(lvalue *destination) {
                               ^
src/lvalue.c: In function 'bad_syntax':
src/lvalue.c:67:32: warning: unused parameter 'destination' [-Wunused-parameter]
 static void bad_syntax(lvalue *destination) {
                                ^
cc -ggdb3 -DDEBUG -D_XOPEN_SOURCE=600 -Wall -Wextra -std=c11 -DNO_SDL src/keyboard.c -c -o src/keyboard.o
cc -ggdb3 -DDEBUG -D_XOPEN_SOURCE=600 -Wall -Wextra -std=c11 -DNO_SDL src/iostate.c -c -o src/iostate.o
cc -ggdb3 -DDEBUG -D_XOPEN_SOURCE=600 -Wall -Wextra -std=c11 -DNO_SDL src/heap.c -c -o src/heap.o
src/heap.c: In function 'freemem':
src/heap.c:163:20: warning: unused parameter 'where' [-Wunused-parameter]
 void freemem(void *where, int32 size) {
                    ^
cc -ggdb3 -DDEBUG -D_XOPEN_SOURCE=600 -Wall -Wextra -std=c11 -DNO_SDL src/functions.c -c -o src/functions.o
cc -ggdb3 -DDEBUG -D_XOPEN_SOURCE=600 -Wall -Wextra -std=c11 -DNO_SDL src/fileio.c -c -o src/fileio.o
src/fileio.c: In function 'fileio_getnumber':
src/fileio.c:669:18: warning: comparison between signed and unsigned integer expressions [-Wsign-compare]
       for (n=0; n<sizeof(float64); n++) temp[n] = read(stream);
                  ^
src/fileio.c:672:18: warning: comparison between signed and unsigned integer expressions [-Wsign-compare]
       for (n=0; n<sizeof(float64); n++) temp[n^4] = read(stream);
                  ^
src/fileio.c:675:18: warning: comparison between signed and unsigned integer expressions [-Wsign-compare]
       for (n=0; n<sizeof(float64); n++) temp[n^3] = read(stream);
                  ^
src/fileio.c:678:18: warning: comparison between signed and unsigned integer expressions [-Wsign-compare]
       for (n=0; n<sizeof(float64); n++) temp[n^7] = read(stream);
                  ^
src/fileio.c: In function 'fileio_getstring':
src/fileio.c:735:16: warning: comparison between signed and unsigned integer expressions [-Wsign-compare]
     for (n=0; n<sizeof(int32); n++) length+=read(stream)<<(n*BYTESHIFT);
                ^
src/fileio.c: In function 'fileio_printfloat':
src/fileio.c:814:16: warning: comparison between signed and unsigned integer expressions [-Wsign-compare]
     for (n=0; n<sizeof(float64); n++) write(stream, temp[n]);
                ^
src/fileio.c:817:16: warning: comparison between signed and unsigned integer expressions [-Wsign-compare]
     for (n=0; n<sizeof(float64); n++) write(stream, temp[n^4]);
                ^
src/fileio.c:820:16: warning: comparison between signed and unsigned integer expressions [-Wsign-compare]
     for (n=0; n<sizeof(float64); n++) write(stream, temp[n^3]);
                ^
src/fileio.c:823:16: warning: comparison between signed and unsigned integer expressions [-Wsign-compare]
     for (n=0; n<sizeof(float64); n++) write(stream, temp[n^7]);
                ^
src/fileio.c: In function 'fileio_printstring':
src/fileio.c:852:16: warning: comparison between signed and unsigned integer expressions [-Wsign-compare]
     for (n=0; n<sizeof(int32); n++) { /* Write four byte length to file */
                ^
src/fileio.c: In function 'fileio_setext':
src/fileio.c:904:40: warning: unused parameter 'newsize' [-Wunused-parameter]
 void fileio_setext(int32 handle, int32 newsize) {
                                        ^
cc -ggdb3 -DDEBUG -D_XOPEN_SOURCE=600 -Wall -Wextra -std=c11 -DNO_SDL src/evaluate.c -c -o src/evaluate.o
cc -ggdb3 -DDEBUG -D_XOPEN_SOURCE=600 -Wall -Wextra -std=c11 -DNO_SDL src/errors.c -c -o src/errors.o
src/errors.c: In function 'watch_escape':
src/errors.c:129:34: warning: unused parameter 'unused' [-Wunused-parameter]
 static DWORD watch_escape(LPVOID unused) {
                                  ^
cc -ggdb3 -DDEBUG -D_XOPEN_SOURCE=600 -Wall -Wextra -std=c11 -DNO_SDL src/emulate.c -c -o src/emulate.o
src/emulate.c: In function 'emulate_call':
src/emulate.c:119:57: warning: unused parameter 'parameters' [-Wunused-parameter]
 void emulate_call(int32 address, int32 parmcount, int32 parameters []) {
                                                         ^
src/emulate.c: In function 'emulate_setimedol':
src/emulate.c:609:30: warning: unused parameter 'time' [-Wunused-parameter]
 void emulate_setimedol(char *time) {
                              ^
src/emulate.c: In function 'emulate_mouse_on':
src/emulate.c:615:29: warning: unused parameter 'pointer' [-Wunused-parameter]
 void emulate_mouse_on(int32 pointer) {
                             ^
src/emulate.c: In function 'emulate_mouse_to':
src/emulate.c:630:29: warning: unused parameter 'x' [-Wunused-parameter]
 void emulate_mouse_to(int32 x, int32 y) {
                             ^
src/emulate.c:630:38: warning: unused parameter 'y' [-Wunused-parameter]
 void emulate_mouse_to(int32 x, int32 y) {
                                      ^
src/emulate.c: In function 'emulate_mouse_step':
src/emulate.c:638:31: warning: unused parameter 'x' [-Wunused-parameter]
 void emulate_mouse_step(int32 x, int32 y) {
                               ^
src/emulate.c:638:40: warning: unused parameter 'y' [-Wunused-parameter]
 void emulate_mouse_step(int32 x, int32 y) {
                                        ^
src/emulate.c: In function 'emulate_mouse_colour':
src/emulate.c:646:33: warning: unused parameter 'colour' [-Wunused-parameter]
 void emulate_mouse_colour(int32 colour, int32 red, int32 green, int32 blue) {
                                 ^
src/emulate.c:646:47: warning: unused parameter 'red' [-Wunused-parameter]
 void emulate_mouse_colour(int32 colour, int32 red, int32 green, int32 blue) {
                                               ^
src/emulate.c:646:58: warning: unused parameter 'green' [-Wunused-parameter]
 void emulate_mouse_colour(int32 colour, int32 red, int32 green, int32 blue) {
                                                          ^
src/emulate.c:646:71: warning: unused parameter 'blue' [-Wunused-parameter]
 void emulate_mouse_colour(int32 colour, int32 red, int32 green, int32 blue) {
                                                                       ^
src/emulate.c: In function 'emulate_mouse_rectangle':
src/emulate.c:654:36: warning: unused parameter 'left' [-Wunused-parameter]
 void emulate_mouse_rectangle(int32 left, int32 bottom, int32 right, int32 top) {
                                    ^
src/emulate.c:654:48: warning: unused parameter 'bottom' [-Wunused-parameter]
 void emulate_mouse_rectangle(int32 left, int32 bottom, int32 right, int32 top) {
                                                ^
src/emulate.c:654:62: warning: unused parameter 'right' [-Wunused-parameter]
 void emulate_mouse_rectangle(int32 left, int32 bottom, int32 right, int32 top) {
                                                              ^
src/emulate.c:654:75: warning: unused parameter 'top' [-Wunused-parameter]
 void emulate_mouse_rectangle(int32 left, int32 bottom, int32 right, int32 top) {
                                                                           ^
src/emulate.c: In function 'emulate_mouse':
src/emulate.c:661:26: warning: unused parameter 'values' [-Wunused-parameter]
 void emulate_mouse(int32 values[]) {
                          ^
src/emulate.c: In function 'emulate_adval':
src/emulate.c:670:27: warning: unused parameter 'x' [-Wunused-parameter]
 int32 emulate_adval(int32 x) {
                           ^
src/emulate.c: In function 'emulate_sound':
src/emulate.c:692:26: warning: unused parameter 'channel' [-Wunused-parameter]
 void emulate_sound(int32 channel, int32 amplitude, int32 pitch, int32 duration, int32 delay) {
                          ^
src/emulate.c:692:41: warning: unused parameter 'amplitude' [-Wunused-parameter]
 void emulate_sound(int32 channel, int32 amplitude, int32 pitch, int32 duration, int32 delay) {
                                         ^
src/emulate.c:692:58: warning: unused parameter 'pitch' [-Wunused-parameter]
 void emulate_sound(int32 channel, int32 amplitude, int32 pitch, int32 duration, int32 delay) {
                                                          ^
src/emulate.c:692:71: warning: unused parameter 'duration' [-Wunused-parameter]
 void emulate_sound(int32 channel, int32 amplitude, int32 pitch, int32 duration, int32 delay) {
                                                                       ^
src/emulate.c:692:87: warning: unused parameter 'delay' [-Wunused-parameter]
 void emulate_sound(int32 channel, int32 amplitude, int32 pitch, int32 duration, int32 delay) {
                                                                                       ^
src/emulate.c: In function 'emulate_beats':
src/emulate.c:699:26: warning: unused parameter 'x' [-Wunused-parameter]
 void emulate_beats(int32 x) {
                          ^
src/emulate.c: In function 'emulate_tempo':
src/emulate.c:715:26: warning: unused parameter 'x' [-Wunused-parameter]
 void emulate_tempo(int32 x) {
                          ^
src/emulate.c: In function 'emulate_voice':
src/emulate.c:730:26: warning: unused parameter 'channel' [-Wunused-parameter]
 void emulate_voice(int32 channel, char *name) {
                          ^
src/emulate.c:730:41: warning: unused parameter 'name' [-Wunused-parameter]
 void emulate_voice(int32 channel, char *name) {
                                         ^
src/emulate.c: In function 'emulate_voices':
src/emulate.c:737:27: warning: unused parameter 'count' [-Wunused-parameter]
 void emulate_voices(int32 count) {
                           ^
src/emulate.c: In function 'emulate_stereo':
src/emulate.c:744:27: warning: unused parameter 'channels' [-Wunused-parameter]
 void emulate_stereo(int32 channels, int32 position) {
                           ^
src/emulate.c:744:43: warning: unused parameter 'position' [-Wunused-parameter]
 void emulate_stereo(int32 channels, int32 position) {
                                           ^
src/emulate.c: In function 'emulate_endeq':
src/emulate.c:753:26: warning: unused parameter 'newend' [-Wunused-parameter]
 void emulate_endeq(int32 newend) {
                          ^
src/emulate.c: In function 'emulate_waitdelay':
src/emulate.c:775:30: warning: unused parameter 'time' [-Wunused-parameter]
 void emulate_waitdelay(int32 time) {
                              ^
src/emulate.c: In function 'emulate_getswino':
src/emulate.c:1024:30: warning: unused parameter 'name' [-Wunused-parameter]
 int32 emulate_getswino(char *name, int32 length) {
                              ^
src/emulate.c:1024:42: warning: unused parameter 'length' [-Wunused-parameter]
 int32 emulate_getswino(char *name, int32 length) {
                                          ^
src/emulate.c: In function 'emulate_sys':
src/emulate.c:1033:24: warning: unused parameter 'swino' [-Wunused-parameter]
 void emulate_sys(int32 swino, int32 inregs[], int32 outregs[], int32 *flags) {
                        ^
src/emulate.c:1033:37: warning: unused parameter 'inregs' [-Wunused-parameter]
 void emulate_sys(int32 swino, int32 inregs[], int32 outregs[], int32 *flags) {
                                     ^
src/emulate.c:1033:53: warning: unused parameter 'outregs' [-Wunused-parameter]
 void emulate_sys(int32 swino, int32 inregs[], int32 outregs[], int32 *flags) {
                                                     ^
src/emulate.c:1033:71: warning: unused parameter 'flags' [-Wunused-parameter]
 void emulate_sys(int32 swino, int32 inregs[], int32 outregs[], int32 *flags) {
                                                                       ^
cc -ggdb3 -DDEBUG -D_XOPEN_SOURCE=600 -Wall -Wextra -std=c11 -DNO_SDL src/editor.c -c -o src/editor.o
cc -ggdb3 -DDEBUG -D_XOPEN_SOURCE=600 -Wall -Wextra -std=c11 -DNO_SDL src/convert.c -c -o src/convert.o
src/convert.c: In function 'itob':
src/convert.c:184:14: warning: comparison between signed and unsigned integer expressions [-Wsign-compare]
   for (n=0; n<sizeof(int32)*8; n++) {
              ^
src/convert.c:181:41: warning: unused parameter 'width' [-Wunused-parameter]
 int itob(char *dest, int32 value, int32 width) {
                                         ^
cc -ggdb3 -DDEBUG -D_XOPEN_SOURCE=600 -Wall -Wextra -std=c11 -DNO_SDL src/commands.c -c -o src/commands.o
cc -ggdb3 -DDEBUG -D_XOPEN_SOURCE=600 -Wall -Wextra -std=c11 -DNO_SDL src/brandy.c -c -o src/brandy.o
cc -ggdb3 -DDEBUG -D_XOPEN_SOURCE=600 -Wall -Wextra -std=c11 -DNO_SDL src/assign.c -c -o src/assign.o
src/assign.c: In function 'assignment_invalid':
src/assign.c:56:41: warning: unused parameter 'address' [-Wunused-parameter]
 static void assignment_invalid(pointers address) {
                                         ^
src/assign.c: In function 'assiminus_badtype':
src/assign.c:845:40: warning: unused parameter 'address' [-Wunused-parameter]
 static void assiminus_badtype(pointers address) {
                                        ^
cc -ggdb3 -DDEBUG -D_XOPEN_SOURCE=600 -Wall -Wextra -std=c11 -DNO_SDL   -c -o src/textonly.o src/textonly.c
src/textonly.c: In function 'emulate_colourfn':
src/textonly.c:1308:30: warning: unused parameter 'red' [-Wunused-parameter]
 int32 emulate_colourfn(int32 red, int32 green, int32 blue) {
                              ^
src/textonly.c:1308:41: warning: unused parameter 'green' [-Wunused-parameter]
 int32 emulate_colourfn(int32 red, int32 green, int32 blue) {
                                         ^
src/textonly.c:1308:54: warning: unused parameter 'blue' [-Wunused-parameter]
 int32 emulate_colourfn(int32 red, int32 green, int32 blue) {
                                                      ^
src/textonly.c: In function 'emulate_modestr':
src/textonly.c:1432:80: warning: unused parameter 'xeig' [-Wunused-parameter]
 void emulate_modestr(int32 xres, int32 yres, int32 colours, int32 greys, int32 xeig, int32 yeig, int32 rate) {
                                                                                ^
src/textonly.c:1432:92: warning: unused parameter 'yeig' [-Wunused-parameter]
 void emulate_modestr(int32 xres, int32 yres, int32 colours, int32 greys, int32 xeig, int32 yeig, int32 rate) {
                                                                                            ^
src/textonly.c: In function 'emulate_plot':
src/textonly.c:1454:25: warning: unused parameter 'code' [-Wunused-parameter]
 void emulate_plot(int32 code, int32 x, int32 y) {
                         ^
src/textonly.c:1454:37: warning: unused parameter 'x' [-Wunused-parameter]
 void emulate_plot(int32 code, int32 x, int32 y) {
                                     ^
src/textonly.c:1454:46: warning: unused parameter 'y' [-Wunused-parameter]
 void emulate_plot(int32 code, int32 x, int32 y) {
                                              ^
src/textonly.c: In function 'emulate_pointfn':
src/textonly.c:1462:29: warning: unused parameter 'x' [-Wunused-parameter]
 int32 emulate_pointfn(int32 x, int32 y) {
                             ^
src/textonly.c:1462:38: warning: unused parameter 'y' [-Wunused-parameter]
 int32 emulate_pointfn(int32 x, int32 y) {
                                      ^
src/textonly.c: In function 'emulate_tintfn':
src/textonly.c:1472:28: warning: unused parameter 'x' [-Wunused-parameter]
 int32 emulate_tintfn(int32 x, int32 y) {
                            ^
src/textonly.c:1472:37: warning: unused parameter 'y' [-Wunused-parameter]
 int32 emulate_tintfn(int32 x, int32 y) {
                                     ^
src/textonly.c: In function 'emulate_pointto':
src/textonly.c:1480:28: warning: unused parameter 'x' [-Wunused-parameter]
 void emulate_pointto(int32 x, int32 y) {
                            ^
src/textonly.c:1480:37: warning: unused parameter 'y' [-Wunused-parameter]
 void emulate_pointto(int32 x, int32 y) {
                                     ^
src/textonly.c: In function 'emulate_gcol':
src/textonly.c:1557:25: warning: unused parameter 'action' [-Wunused-parameter]
 void emulate_gcol(int32 action, int32 colour, int32 tint) {
                         ^
src/textonly.c:1557:39: warning: unused parameter 'colour' [-Wunused-parameter]
 void emulate_gcol(int32 action, int32 colour, int32 tint) {
                                       ^
src/textonly.c:1557:53: warning: unused parameter 'tint' [-Wunused-parameter]
 void emulate_gcol(int32 action, int32 colour, int32 tint) {
                                                     ^
src/textonly.c: In function 'emulate_gcolrgb':
src/textonly.c:1567:28: warning: unused parameter 'action' [-Wunused-parameter]
 void emulate_gcolrgb(int32 action, int32 background, int32 red, int32 green, int32 blue) {
                            ^
src/textonly.c:1567:42: warning: unused parameter 'background' [-Wunused-parameter]
 void emulate_gcolrgb(int32 action, int32 background, int32 red, int32 green, int32 blue) {
                                          ^
src/textonly.c:1567:60: warning: unused parameter 'red' [-Wunused-parameter]
 void emulate_gcolrgb(int32 action, int32 background, int32 red, int32 green, int32 blue) {
                                                            ^
src/textonly.c:1567:71: warning: unused parameter 'green' [-Wunused-parameter]
 void emulate_gcolrgb(int32 action, int32 background, int32 red, int32 green, int32 blue) {
                                                                       ^
src/textonly.c:1567:84: warning: unused parameter 'blue' [-Wunused-parameter]
 void emulate_gcolrgb(int32 action, int32 background, int32 red, int32 green, int32 blue) {
                                                                                    ^
src/textonly.c: In function 'emulate_gcolnum':
src/textonly.c:1575:28: warning: unused parameter 'action' [-Wunused-parameter]
 void emulate_gcolnum(int32 action, int32 background, int32 colnum) {
                            ^
src/textonly.c:1575:42: warning: unused parameter 'background' [-Wunused-parameter]
 void emulate_gcolnum(int32 action, int32 background, int32 colnum) {
                                          ^
src/textonly.c:1575:60: warning: unused parameter 'colnum' [-Wunused-parameter]
 void emulate_gcolnum(int32 action, int32 background, int32 colnum) {
                                                            ^
src/textonly.c: In function 'emulate_setcolour':
src/textonly.c:1605:30: warning: unused parameter 'background' [-Wunused-parameter]
 void emulate_setcolour(int32 background, int32 red, int32 green, int32 blue) {
                              ^
src/textonly.c:1605:48: warning: unused parameter 'red' [-Wunused-parameter]
 void emulate_setcolour(int32 background, int32 red, int32 green, int32 blue) {
                                                ^
src/textonly.c:1605:59: warning: unused parameter 'green' [-Wunused-parameter]
 void emulate_setcolour(int32 background, int32 red, int32 green, int32 blue) {
                                                           ^
src/textonly.c:1605:72: warning: unused parameter 'blue' [-Wunused-parameter]
 void emulate_setcolour(int32 background, int32 red, int32 green, int32 blue) {
                                                                        ^
src/textonly.c: In function 'emulate_move':
src/textonly.c:1637:25: warning: unused parameter 'x' [-Wunused-parameter]
 void emulate_move(int32 x, int32 y) {
                         ^
src/textonly.c:1637:34: warning: unused parameter 'y' [-Wunused-parameter]
 void emulate_move(int32 x, int32 y) {
                                  ^
src/textonly.c: In function 'emulate_moveby':
src/textonly.c:1641:27: warning: unused parameter 'x' [-Wunused-parameter]
 void emulate_moveby(int32 x, int32 y) {
                           ^
src/textonly.c:1641:36: warning: unused parameter 'y' [-Wunused-parameter]
 void emulate_moveby(int32 x, int32 y) {
                                    ^
src/textonly.c: In function 'emulate_draw':
src/textonly.c:1645:25: warning: unused parameter 'x' [-Wunused-parameter]
 void emulate_draw(int32 x, int32 y) {
                         ^
src/textonly.c:1645:34: warning: unused parameter 'y' [-Wunused-parameter]
 void emulate_draw(int32 x, int32 y) {
                                  ^
src/textonly.c: In function 'emulate_line':
src/textonly.c:1654:25: warning: unused parameter 'x1' [-Wunused-parameter]
 void emulate_line(int32 x1, int32 y1, int32 x2, int32 y2) {
                         ^
src/textonly.c:1654:35: warning: unused parameter 'y1' [-Wunused-parameter]
 void emulate_line(int32 x1, int32 y1, int32 x2, int32 y2) {
                                   ^
src/textonly.c:1654:45: warning: unused parameter 'x2' [-Wunused-parameter]
 void emulate_line(int32 x1, int32 y1, int32 x2, int32 y2) {
                                             ^
src/textonly.c:1654:55: warning: unused parameter 'y2' [-Wunused-parameter]
 void emulate_line(int32 x1, int32 y1, int32 x2, int32 y2) {
                                                       ^
src/textonly.c: In function 'emulate_point':
src/textonly.c:1658:26: warning: unused parameter 'x' [-Wunused-parameter]
 void emulate_point(int32 x, int32 y) {
                          ^
src/textonly.c:1658:35: warning: unused parameter 'y' [-Wunused-parameter]
 void emulate_point(int32 x, int32 y) {
                                   ^
src/textonly.c: In function 'emulate_pointby':
src/textonly.c:1662:28: warning: unused parameter 'x' [-Wunused-parameter]
 void emulate_pointby(int32 x, int32 y) {
                            ^
src/textonly.c:1662:37: warning: unused parameter 'y' [-Wunused-parameter]
 void emulate_pointby(int32 x, int32 y) {
                                     ^
src/textonly.c: In function 'emulate_ellipse':
src/textonly.c:1666:28: warning: unused parameter 'x' [-Wunused-parameter]
 void emulate_ellipse(int32 x, int32 y, int32 majorlen, int32 minorlen, float64 angle, boolean isfilled) {
                            ^
src/textonly.c:1666:37: warning: unused parameter 'y' [-Wunused-parameter]
 void emulate_ellipse(int32 x, int32 y, int32 majorlen, int32 minorlen, float64 angle, boolean isfilled) {
                                     ^
src/textonly.c:1666:46: warning: unused parameter 'majorlen' [-Wunused-parameter]
 void emulate_ellipse(int32 x, int32 y, int32 majorlen, int32 minorlen, float64 angle, boolean isfilled) {
                                              ^
src/textonly.c:1666:62: warning: unused parameter 'minorlen' [-Wunused-parameter]
 void emulate_ellipse(int32 x, int32 y, int32 majorlen, int32 minorlen, float64 angle, boolean isfilled) {
                                                              ^
src/textonly.c:1666:80: warning: unused parameter 'angle' [-Wunused-parameter]
 void emulate_ellipse(int32 x, int32 y, int32 majorlen, int32 minorlen, float64 angle, boolean isfilled) {
                                                                                ^
src/textonly.c:1666:95: warning: unused parameter 'isfilled' [-Wunused-parameter]
 void emulate_ellipse(int32 x, int32 y, int32 majorlen, int32 minorlen, float64 angle, boolean isfilled) {
                                                                                               ^
src/textonly.c: In function 'emulate_circle':
src/textonly.c:1670:27: warning: unused parameter 'x' [-Wunused-parameter]
 void emulate_circle(int32 x, int32 y, int32 radius, boolean isfilled) {
                           ^
src/textonly.c:1670:36: warning: unused parameter 'y' [-Wunused-parameter]
 void emulate_circle(int32 x, int32 y, int32 radius, boolean isfilled) {
                                    ^
src/textonly.c:1670:45: warning: unused parameter 'radius' [-Wunused-parameter]
 void emulate_circle(int32 x, int32 y, int32 radius, boolean isfilled) {
                                             ^
src/textonly.c:1670:61: warning: unused parameter 'isfilled' [-Wunused-parameter]
 void emulate_circle(int32 x, int32 y, int32 radius, boolean isfilled) {
                                                             ^
src/textonly.c: In function 'emulate_drawrect':
src/textonly.c:1674:29: warning: unused parameter 'x1' [-Wunused-parameter]
 void emulate_drawrect(int32 x1, int32 y1, int32 width, int32 height, boolean isfilled) {
                             ^
src/textonly.c:1674:39: warning: unused parameter 'y1' [-Wunused-parameter]
 void emulate_drawrect(int32 x1, int32 y1, int32 width, int32 height, boolean isfilled) {
                                       ^
src/textonly.c:1674:49: warning: unused parameter 'width' [-Wunused-parameter]
 void emulate_drawrect(int32 x1, int32 y1, int32 width, int32 height, boolean isfilled) {
                                                 ^
src/textonly.c:1674:62: warning: unused parameter 'height' [-Wunused-parameter]
 void emulate_drawrect(int32 x1, int32 y1, int32 width, int32 height, boolean isfilled) {
                                                              ^
src/textonly.c:1674:78: warning: unused parameter 'isfilled' [-Wunused-parameter]
 void emulate_drawrect(int32 x1, int32 y1, int32 width, int32 height, boolean isfilled) {
                                                                              ^
src/textonly.c: In function 'emulate_moverect':
src/textonly.c:1678:29: warning: unused parameter 'x1' [-Wunused-parameter]
 void emulate_moverect(int32 x1, int32 y1, int32 width, int32 height, int32 x2, int32 y2, boolean ismove) {
                             ^
src/textonly.c:1678:39: warning: unused parameter 'y1' [-Wunused-parameter]
 void emulate_moverect(int32 x1, int32 y1, int32 width, int32 height, int32 x2, int32 y2, boolean ismove) {
                                       ^
src/textonly.c:1678:49: warning: unused parameter 'width' [-Wunused-parameter]
 void emulate_moverect(int32 x1, int32 y1, int32 width, int32 height, int32 x2, int32 y2, boolean ismove) {
                                                 ^
src/textonly.c:1678:62: warning: unused parameter 'height' [-Wunused-parameter]
 void emulate_moverect(int32 x1, int32 y1, int32 width, int32 height, int32 x2, int32 y2, boolean ismove) {
                                                              ^
src/textonly.c:1678:76: warning: unused parameter 'x2' [-Wunused-parameter]
 void emulate_moverect(int32 x1, int32 y1, int32 width, int32 height, int32 x2, int32 y2, boolean ismove) {
                                                                            ^
src/textonly.c:1678:86: warning: unused parameter 'y2' [-Wunused-parameter]
 void emulate_moverect(int32 x1, int32 y1, int32 width, int32 height, int32 x2, int32 y2, boolean ismove) {
                                                                                      ^
src/textonly.c:1678:98: warning: unused parameter 'ismove' [-Wunused-parameter]
 void emulate_moverect(int32 x1, int32 y1, int32 width, int32 height, int32 x2, int32 y2, boolean ismove) {
                                                                                                  ^
src/textonly.c: In function 'emulate_fill':
src/textonly.c:1682:25: warning: unused parameter 'x' [-Wunused-parameter]
 void emulate_fill(int32 x, int32 y) {
                         ^
src/textonly.c:1682:34: warning: unused parameter 'y' [-Wunused-parameter]
 void emulate_fill(int32 x, int32 y) {
                                  ^
src/textonly.c: In function 'emulate_fillby':
src/textonly.c:1686:27: warning: unused parameter 'x' [-Wunused-parameter]
 void emulate_fillby(int32 x, int32 y) {
                           ^
src/textonly.c:1686:36: warning: unused parameter 'y' [-Wunused-parameter]
 void emulate_fillby(int32 x, int32 y) {
                                    ^
src/textonly.c: In function 'emulate_origin':
src/textonly.c:1690:27: warning: unused parameter 'x' [-Wunused-parameter]
 void emulate_origin(int32 x, int32 y) {
                           ^
src/textonly.c:1690:36: warning: unused parameter 'y' [-Wunused-parameter]
 void emulate_origin(int32 x, int32 y) {
                                    ^
cc  -o tbrandy src/variables.o src/tokens.o src/strings.o src/statement.o src/stack.o src/miscprocs.o src/mainstate.o src/lvalue.o src/keyboard.o src/iostate.o src/heap.o src/functions.o src/fileio.o src/evaluate.o src/errors.o src/emulate.o src/editor.o src/convert.o src/commands.o src/brandy.o src/assign.o src/textonly.o -lm
cc -ggdb3 -DDEBUG -D_XOPEN_SOURCE=600 -Wall -Wextra -std=c11 -DNO_SDL   -c -o src/simpletext.o src/simpletext.c
src/simpletext.c: In function 'set_cursor':
src/simpletext.c:72:25: warning: unused parameter 'underline' [-Wunused-parameter]
 void set_cursor(boolean underline) {
                         ^
src/simpletext.c: In function 'emulate_vdufn':
src/simpletext.c:215:25: warning: unused parameter 'variable' [-Wunused-parameter]
 int32 emulate_vdufn(int variable) {
                         ^
src/simpletext.c: In function 'emulate_colourfn':
src/simpletext.c:222:30: warning: unused parameter 'red' [-Wunused-parameter]
 int32 emulate_colourfn(int32 red, int32 green, int32 blue) {
                              ^
src/simpletext.c:222:41: warning: unused parameter 'green' [-Wunused-parameter]
 int32 emulate_colourfn(int32 red, int32 green, int32 blue) {
                                         ^
src/simpletext.c:222:54: warning: unused parameter 'blue' [-Wunused-parameter]
 int32 emulate_colourfn(int32 red, int32 green, int32 blue) {
                                                      ^
src/simpletext.c: In function 'emulate_mode':
src/simpletext.c:249:25: warning: unused parameter 'mode' [-Wunused-parameter]
 void emulate_mode(int32 mode) {
                         ^
src/simpletext.c: In function 'emulate_newmode':
src/simpletext.c:257:28: warning: unused parameter 'xres' [-Wunused-parameter]
 void emulate_newmode(int32 xres, int32 yres, int32 bpp, int32 rate) {
                            ^
src/simpletext.c:257:40: warning: unused parameter 'yres' [-Wunused-parameter]
 void emulate_newmode(int32 xres, int32 yres, int32 bpp, int32 rate) {
                                        ^
src/simpletext.c:257:52: warning: unused parameter 'bpp' [-Wunused-parameter]
 void emulate_newmode(int32 xres, int32 yres, int32 bpp, int32 rate) {
                                                    ^
src/simpletext.c:257:63: warning: unused parameter 'rate' [-Wunused-parameter]
 void emulate_newmode(int32 xres, int32 yres, int32 bpp, int32 rate) {
                                                               ^
src/simpletext.c: In function 'emulate_modestr':
src/simpletext.c:265:28: warning: unused parameter 'xres' [-Wunused-parameter]
 void emulate_modestr(int32 xres, int32 yres, int32 colours, int32 greys, int32 xeig, int32 yeig, int32 rate) {
                            ^
src/simpletext.c:265:40: warning: unused parameter 'yres' [-Wunused-parameter]
 void emulate_modestr(int32 xres, int32 yres, int32 colours, int32 greys, int32 xeig, int32 yeig, int32 rate) {
                                        ^
src/simpletext.c:265:52: warning: unused parameter 'colours' [-Wunused-parameter]
 void emulate_modestr(int32 xres, int32 yres, int32 colours, int32 greys, int32 xeig, int32 yeig, int32 rate) {
                                                    ^
src/simpletext.c:265:67: warning: unused parameter 'greys' [-Wunused-parameter]
 void emulate_modestr(int32 xres, int32 yres, int32 colours, int32 greys, int32 xeig, int32 yeig, int32 rate) {
                                                                   ^
src/simpletext.c:265:80: warning: unused parameter 'xeig' [-Wunused-parameter]
 void emulate_modestr(int32 xres, int32 yres, int32 colours, int32 greys, int32 xeig, int32 yeig, int32 rate) {
                                                                                ^
src/simpletext.c:265:92: warning: unused parameter 'yeig' [-Wunused-parameter]
 void emulate_modestr(int32 xres, int32 yres, int32 colours, int32 greys, int32 xeig, int32 yeig, int32 rate) {
                                                                                            ^
src/simpletext.c:265:104: warning: unused parameter 'rate' [-Wunused-parameter]
 void emulate_modestr(int32 xres, int32 yres, int32 colours, int32 greys, int32 xeig, int32 yeig, int32 rate) {
                                                                                                        ^
src/simpletext.c: In function 'emulate_pointto':
src/simpletext.c:279:28: warning: unused parameter 'x' [-Wunused-parameter]
 void emulate_pointto(int32 x, int32 y) {
                            ^
src/simpletext.c:279:37: warning: unused parameter 'y' [-Wunused-parameter]
 void emulate_pointto(int32 x, int32 y) {
                                     ^
src/simpletext.c: In function 'emulate_tab':
src/simpletext.c:294:24: warning: unused parameter 'x' [-Wunused-parameter]
 void emulate_tab(int32 x, int32 y) {
                        ^
src/simpletext.c:294:33: warning: unused parameter 'y' [-Wunused-parameter]
 void emulate_tab(int32 x, int32 y) {
                                 ^
src/simpletext.c: In function 'emulate_tint':
src/simpletext.c:319:25: warning: unused parameter 'action' [-Wunused-parameter]
 void emulate_tint(int32 action, int32 tint) {
                         ^
src/simpletext.c:319:39: warning: unused parameter 'tint' [-Wunused-parameter]
 void emulate_tint(int32 action, int32 tint) {
                                       ^
src/simpletext.c: In function 'emulate_plot':
src/simpletext.c:327:25: warning: unused parameter 'code' [-Wunused-parameter]
 void emulate_plot(int32 code, int32 x, int32 y) {
                         ^
src/simpletext.c:327:37: warning: unused parameter 'x' [-Wunused-parameter]
 void emulate_plot(int32 code, int32 x, int32 y) {
                                     ^
src/simpletext.c:327:46: warning: unused parameter 'y' [-Wunused-parameter]
 void emulate_plot(int32 code, int32 x, int32 y) {
                                              ^
src/simpletext.c: In function 'emulate_pointfn':
src/simpletext.c:335:29: warning: unused parameter 'x' [-Wunused-parameter]
 int32 emulate_pointfn(int32 x, int32 y) {
                             ^
src/simpletext.c:335:38: warning: unused parameter 'y' [-Wunused-parameter]
 int32 emulate_pointfn(int32 x, int32 y) {
                                      ^
src/simpletext.c: In function 'emulate_tintfn':
src/simpletext.c:345:28: warning: unused parameter 'x' [-Wunused-parameter]
 int32 emulate_tintfn(int32 x, int32 y) {
                            ^
src/simpletext.c:345:37: warning: unused parameter 'y' [-Wunused-parameter]
 int32 emulate_tintfn(int32 x, int32 y) {
                                     ^
src/simpletext.c: In function 'emulate_gcol':
src/simpletext.c:353:25: warning: unused parameter 'action' [-Wunused-parameter]
 void emulate_gcol(int32 action, int32 colour, int32 tint) {
                         ^
src/simpletext.c:353:39: warning: unused parameter 'colour' [-Wunused-parameter]
 void emulate_gcol(int32 action, int32 colour, int32 tint) {
                                       ^
src/simpletext.c:353:53: warning: unused parameter 'tint' [-Wunused-parameter]
 void emulate_gcol(int32 action, int32 colour, int32 tint) {
                                                     ^
src/simpletext.c: In function 'emulate_gcolrgb':
src/simpletext.c:363:28: warning: unused parameter 'action' [-Wunused-parameter]
 void emulate_gcolrgb(int32 action, int32 background, int32 red, int32 green, int32 blue) {
                            ^
src/simpletext.c:363:42: warning: unused parameter 'background' [-Wunused-parameter]
 void emulate_gcolrgb(int32 action, int32 background, int32 red, int32 green, int32 blue) {
                                          ^
src/simpletext.c:363:60: warning: unused parameter 'red' [-Wunused-parameter]
 void emulate_gcolrgb(int32 action, int32 background, int32 red, int32 green, int32 blue) {
                                                            ^
src/simpletext.c:363:71: warning: unused parameter 'green' [-Wunused-parameter]
 void emulate_gcolrgb(int32 action, int32 background, int32 red, int32 green, int32 blue) {
                                                                       ^
src/simpletext.c:363:84: warning: unused parameter 'blue' [-Wunused-parameter]
 void emulate_gcolrgb(int32 action, int32 background, int32 red, int32 green, int32 blue) {
                                                                                    ^
src/simpletext.c: In function 'emulate_gcolnum':
src/simpletext.c:373:28: warning: unused parameter 'action' [-Wunused-parameter]
 void emulate_gcolnum(int32 action, int32 background, int32 colnum) {
                            ^
src/simpletext.c:373:42: warning: unused parameter 'background' [-Wunused-parameter]
 void emulate_gcolnum(int32 action, int32 background, int32 colnum) {
                                          ^
src/simpletext.c:373:60: warning: unused parameter 'colnum' [-Wunused-parameter]
 void emulate_gcolnum(int32 action, int32 background, int32 colnum) {
                                                            ^
src/simpletext.c: In function 'emulate_colourtint':
src/simpletext.c:380:31: warning: unused parameter 'colour' [-Wunused-parameter]
 void emulate_colourtint(int32 colour, int32 tint) {
                               ^
src/simpletext.c:380:45: warning: unused parameter 'tint' [-Wunused-parameter]
 void emulate_colourtint(int32 colour, int32 tint) {
                                             ^
src/simpletext.c: In function 'emulate_mapcolour':
src/simpletext.c:388:30: warning: unused parameter 'colour' [-Wunused-parameter]
 void emulate_mapcolour(int32 colour, int32 physcolour) {
                              ^
src/simpletext.c:388:44: warning: unused parameter 'physcolour' [-Wunused-parameter]
 void emulate_mapcolour(int32 colour, int32 physcolour) {
                                            ^
src/simpletext.c: In function 'emulate_setcolour':
src/simpletext.c:396:30: warning: unused parameter 'background' [-Wunused-parameter]
 void emulate_setcolour(int32 background, int32 red, int32 green, int32 blue) {
                              ^
src/simpletext.c:396:48: warning: unused parameter 'red' [-Wunused-parameter]
 void emulate_setcolour(int32 background, int32 red, int32 green, int32 blue) {
                                                ^
src/simpletext.c:396:59: warning: unused parameter 'green' [-Wunused-parameter]
 void emulate_setcolour(int32 background, int32 red, int32 green, int32 blue) {
                                                           ^
src/simpletext.c:396:72: warning: unused parameter 'blue' [-Wunused-parameter]
 void emulate_setcolour(int32 background, int32 red, int32 green, int32 blue) {
                                                                        ^
src/simpletext.c: In function 'emulate_setcolnum':
src/simpletext.c:404:30: warning: unused parameter 'background' [-Wunused-parameter]
 void emulate_setcolnum(int32 background, int32 colnum) {
                              ^
src/simpletext.c:404:48: warning: unused parameter 'colnum' [-Wunused-parameter]
 void emulate_setcolnum(int32 background, int32 colnum) {
                                                ^
src/simpletext.c: In function 'emulate_defcolour':
src/simpletext.c:412:30: warning: unused parameter 'colour' [-Wunused-parameter]
 void emulate_defcolour(int32 colour, int32 red, int32 green, int32 blue) {
                              ^
src/simpletext.c:412:44: warning: unused parameter 'red' [-Wunused-parameter]
 void emulate_defcolour(int32 colour, int32 red, int32 green, int32 blue) {
                                            ^
src/simpletext.c:412:55: warning: unused parameter 'green' [-Wunused-parameter]
 void emulate_defcolour(int32 colour, int32 red, int32 green, int32 blue) {
                                                       ^
src/simpletext.c:412:68: warning: unused parameter 'blue' [-Wunused-parameter]
 void emulate_defcolour(int32 colour, int32 red, int32 green, int32 blue) {
                                                                    ^
src/simpletext.c: In function 'emulate_move':
src/simpletext.c:421:25: warning: unused parameter 'x' [-Wunused-parameter]
 void emulate_move(int32 x, int32 y) {
                         ^
src/simpletext.c:421:34: warning: unused parameter 'y' [-Wunused-parameter]
 void emulate_move(int32 x, int32 y) {
                                  ^
src/simpletext.c: In function 'emulate_moveby':
src/simpletext.c:425:27: warning: unused parameter 'x' [-Wunused-parameter]
 void emulate_moveby(int32 x, int32 y) {
                           ^
src/simpletext.c:425:36: warning: unused parameter 'y' [-Wunused-parameter]
 void emulate_moveby(int32 x, int32 y) {
                                    ^
src/simpletext.c: In function 'emulate_draw':
src/simpletext.c:429:25: warning: unused parameter 'x' [-Wunused-parameter]
 void emulate_draw(int32 x, int32 y) {
                         ^
src/simpletext.c:429:34: warning: unused parameter 'y' [-Wunused-parameter]
 void emulate_draw(int32 x, int32 y) {
                                  ^
src/simpletext.c: In function 'emulate_drawby':
src/simpletext.c:433:27: warning: unused parameter 'x' [-Wunused-parameter]
 void emulate_drawby(int32 x, int32 y) {
                           ^
src/simpletext.c:433:36: warning: unused parameter 'y' [-Wunused-parameter]
 void emulate_drawby(int32 x, int32 y) {
                                    ^
src/simpletext.c: In function 'emulate_line':
src/simpletext.c:437:25: warning: unused parameter 'x1' [-Wunused-parameter]
 void emulate_line(int32 x1, int32 y1, int32 x2, int32 y2) {
                         ^
src/simpletext.c:437:35: warning: unused parameter 'y1' [-Wunused-parameter]
 void emulate_line(int32 x1, int32 y1, int32 x2, int32 y2) {
                                   ^
src/simpletext.c:437:45: warning: unused parameter 'x2' [-Wunused-parameter]
 void emulate_line(int32 x1, int32 y1, int32 x2, int32 y2) {
                                             ^
src/simpletext.c:437:55: warning: unused parameter 'y2' [-Wunused-parameter]
 void emulate_line(int32 x1, int32 y1, int32 x2, int32 y2) {
                                                       ^
src/simpletext.c: In function 'emulate_point':
src/simpletext.c:441:26: warning: unused parameter 'x' [-Wunused-parameter]
 void emulate_point(int32 x, int32 y) {
                          ^
src/simpletext.c:441:35: warning: unused parameter 'y' [-Wunused-parameter]
 void emulate_point(int32 x, int32 y) {
                                   ^
src/simpletext.c: In function 'emulate_pointby':
src/simpletext.c:445:28: warning: unused parameter 'x' [-Wunused-parameter]
 void emulate_pointby(int32 x, int32 y) {
                            ^
src/simpletext.c:445:37: warning: unused parameter 'y' [-Wunused-parameter]
 void emulate_pointby(int32 x, int32 y) {
                                     ^
src/simpletext.c: In function 'emulate_ellipse':
src/simpletext.c:449:28: warning: unused parameter 'x' [-Wunused-parameter]
 void emulate_ellipse(int32 x, int32 y, int32 majorlen, int32 minorlen, float64 angle, boolean isfilled) {
                            ^
src/simpletext.c:449:37: warning: unused parameter 'y' [-Wunused-parameter]
 void emulate_ellipse(int32 x, int32 y, int32 majorlen, int32 minorlen, float64 angle, boolean isfilled) {
                                     ^
src/simpletext.c:449:46: warning: unused parameter 'majorlen' [-Wunused-parameter]
 void emulate_ellipse(int32 x, int32 y, int32 majorlen, int32 minorlen, float64 angle, boolean isfilled) {
                                              ^
src/simpletext.c:449:62: warning: unused parameter 'minorlen' [-Wunused-parameter]
 void emulate_ellipse(int32 x, int32 y, int32 majorlen, int32 minorlen, float64 angle, boolean isfilled) {
                                                              ^
src/simpletext.c:449:80: warning: unused parameter 'angle' [-Wunused-parameter]
 void emulate_ellipse(int32 x, int32 y, int32 majorlen, int32 minorlen, float64 angle, boolean isfilled) {
                                                                                ^
src/simpletext.c:449:95: warning: unused parameter 'isfilled' [-Wunused-parameter]
 void emulate_ellipse(int32 x, int32 y, int32 majorlen, int32 minorlen, float64 angle, boolean isfilled) {
                                                                                               ^
src/simpletext.c: In function 'emulate_circle':
src/simpletext.c:453:27: warning: unused parameter 'x' [-Wunused-parameter]
 void emulate_circle(int32 x, int32 y, int32 radius, boolean isfilled) {
                           ^
src/simpletext.c:453:36: warning: unused parameter 'y' [-Wunused-parameter]
 void emulate_circle(int32 x, int32 y, int32 radius, boolean isfilled) {
                                    ^
src/simpletext.c:453:45: warning: unused parameter 'radius' [-Wunused-parameter]
 void emulate_circle(int32 x, int32 y, int32 radius, boolean isfilled) {
                                             ^
src/simpletext.c:453:61: warning: unused parameter 'isfilled' [-Wunused-parameter]
 void emulate_circle(int32 x, int32 y, int32 radius, boolean isfilled) {
                                                             ^
src/simpletext.c: In function 'emulate_drawrect':
src/simpletext.c:457:29: warning: unused parameter 'x1' [-Wunused-parameter]
 void emulate_drawrect(int32 x1, int32 y1, int32 width, int32 height, boolean isfilled) {
                             ^
src/simpletext.c:457:39: warning: unused parameter 'y1' [-Wunused-parameter]
 void emulate_drawrect(int32 x1, int32 y1, int32 width, int32 height, boolean isfilled) {
                                       ^
src/simpletext.c:457:49: warning: unused parameter 'width' [-Wunused-parameter]
 void emulate_drawrect(int32 x1, int32 y1, int32 width, int32 height, boolean isfilled) {
                                                 ^
src/simpletext.c:457:62: warning: unused parameter 'height' [-Wunused-parameter]
 void emulate_drawrect(int32 x1, int32 y1, int32 width, int32 height, boolean isfilled) {
                                                              ^
src/simpletext.c:457:78: warning: unused parameter 'isfilled' [-Wunused-parameter]
 void emulate_drawrect(int32 x1, int32 y1, int32 width, int32 height, boolean isfilled) {
                                                                              ^
src/simpletext.c: In function 'emulate_moverect':
src/simpletext.c:461:29: warning: unused parameter 'x1' [-Wunused-parameter]
 void emulate_moverect(int32 x1, int32 y1, int32 width, int32 height, int32 x2, int32 y2, boolean ismove) {
                             ^
src/simpletext.c:461:39: warning: unused parameter 'y1' [-Wunused-parameter]
 void emulate_moverect(int32 x1, int32 y1, int32 width, int32 height, int32 x2, int32 y2, boolean ismove) {
                                       ^
src/simpletext.c:461:49: warning: unused parameter 'width' [-Wunused-parameter]
 void emulate_moverect(int32 x1, int32 y1, int32 width, int32 height, int32 x2, int32 y2, boolean ismove) {
                                                 ^
src/simpletext.c:461:62: warning: unused parameter 'height' [-Wunused-parameter]
 void emulate_moverect(int32 x1, int32 y1, int32 width, int32 height, int32 x2, int32 y2, boolean ismove) {
                                                              ^
src/simpletext.c:461:76: warning: unused parameter 'x2' [-Wunused-parameter]
 void emulate_moverect(int32 x1, int32 y1, int32 width, int32 height, int32 x2, int32 y2, boolean ismove) {
                                                                            ^
src/simpletext.c:461:86: warning: unused parameter 'y2' [-Wunused-parameter]
 void emulate_moverect(int32 x1, int32 y1, int32 width, int32 height, int32 x2, int32 y2, boolean ismove) {
                                                                                      ^
src/simpletext.c:461:98: warning: unused parameter 'ismove' [-Wunused-parameter]
 void emulate_moverect(int32 x1, int32 y1, int32 width, int32 height, int32 x2, int32 y2, boolean ismove) {
                                                                                                  ^
src/simpletext.c: In function 'emulate_fill':
src/simpletext.c:465:25: warning: unused parameter 'x' [-Wunused-parameter]
 void emulate_fill(int32 x, int32 y) {
                         ^
src/simpletext.c:465:34: warning: unused parameter 'y' [-Wunused-parameter]
 void emulate_fill(int32 x, int32 y) {
                                  ^
src/simpletext.c: In function 'emulate_fillby':
src/simpletext.c:469:27: warning: unused parameter 'x' [-Wunused-parameter]
 void emulate_fillby(int32 x, int32 y) {
                           ^
src/simpletext.c:469:36: warning: unused parameter 'y' [-Wunused-parameter]
 void emulate_fillby(int32 x, int32 y) {
                                    ^
src/simpletext.c: In function 'emulate_origin':
src/simpletext.c:473:27: warning: unused parameter 'x' [-Wunused-parameter]
 void emulate_origin(int32 x, int32 y) {
                           ^
src/simpletext.c:473:36: warning: unused parameter 'y' [-Wunused-parameter]
 void emulate_origin(int32 x, int32 y) {
                                    ^
cc  -o sbrandy src/variables.o src/tokens.o src/strings.o src/statement.o src/stack.o src/miscprocs.o src/mainstate.o src/lvalue.o src/keyboard.o src/iostate.o src/heap.o src/functions.o src/fileio.o src/evaluate.o src/errors.o src/emulate.o src/editor.o src/convert.o src/commands.o src/brandy.o src/assign.o src/simpletext.o -lm
